[00:17:58] [Server thread/INFO]: stakanchyk2041[/82.145.83.229:57722] logged in with entity id 15721 at (163.39776769498246, 93.0, -400.9018459803448)
[00:17:58] [Server thread/INFO]: stakanchyk2041 joined the game
[00:18:40] [Server thread/INFO]: stakanchyk2041 lost connection: Disconnected
[00:18:40] [Server thread/INFO]: stakanchyk2041 left the game
[01:30:17] [Server thread/INFO]: stakanchyk2041[/82.145.83.229:58797] logged in with entity id 15955 at (163.39776769498246, 93.0, -400.9018459803448)
[01:30:17] [Server thread/INFO]: stakanchyk2041 joined the game
[01:30:42] [Server thread/INFO]: stakanchyk2041 lost connection: Disconnected
[01:30:42] [Server thread/INFO]: stakanchyk2041 left the game
[10:42:06] [Server thread/INFO]: Olix[/178.94.94.17:49236] logged in with entity id 16205 at (182.1523798464272, 74.0, -406.98702742127665)
[10:42:06] [Server thread/INFO]: Olix joined the game
[10:42:41] [Server thread/INFO]: stakanchyk2041[/82.145.83.229:50476] logged in with entity id 16441 at (164.11282683411707, 93.0, -400.4945757052156)
[10:42:41] [Server thread/INFO]: stakanchyk2041 joined the game
[10:45:15] [Server thread/INFO]: stakanchyk2041 has made the advancement [Ice Bucket Challenge]
[10:45:38] [Server thread/INFO]: stakanchyk2041 has made the advancement [We Need to Go Deeper]
[10:45:40] [Server thread/WARN]: Can't keep up! Is the server overloaded? Running 3825ms or 76 ticks behind
[10:46:09] [Server thread/INFO]: Olix has made the advancement [We Need to Go Deeper]
[10:47:23] [Server thread/INFO]: stakanchyk2041 lost connection: Disconnected
[10:47:23] [Server thread/INFO]: stakanchyk2041 left the game
[10:47:54] [Server thread/INFO]: /advancement (grant|revoke)
[10:47:54] [Server thread/INFO]: /attribute <target> <attribute> (get|base|modifier)
[10:47:54] [Server thread/INFO]: /execute (run|if|unless|as|at|store|positioned|rotated|facing|align|anchored|in|summon|on)
[10:47:54] [Server thread/INFO]: /bossbar (add|remove|list|set|get)
[10:47:54] [Server thread/INFO]: /clear [<targets>]
[10:47:54] [Server thread/INFO]: /clone (<begin>|from)
[10:47:54] [Server thread/INFO]: /damage <target> <amount> [<damageType>]
[10:47:54] [Server thread/INFO]: /data (merge|get|remove|modify)
[10:47:54] [Server thread/INFO]: /datapack (enable|disable|list)
[10:47:54] [Server thread/INFO]: /debug (start|stop|function)
[10:47:54] [Server thread/INFO]: /defaultgamemode <gamemode>
[10:47:54] [Server thread/INFO]: /difficulty [peaceful|easy|normal|hard]
[10:47:54] [Server thread/INFO]: /effect (clear|give)
[10:47:54] [Server thread/INFO]: /me <action>
[10:47:54] [Server thread/INFO]: /enchant <targets> <enchantment> [<level>]
[10:47:54] [Server thread/INFO]: /experience (add|set|query)
[10:47:54] [Server thread/INFO]: /xp -> experience
[10:47:54] [Server thread/INFO]: /fill <from> <to> <block> [replace|keep|outline|hollow|destroy]
[10:47:54] [Server thread/INFO]: /fillbiome <from> <to> <biome> [replace]
[10:47:54] [Server thread/INFO]: /forceload (add|remove|query)
[10:47:54] [Server thread/INFO]: /function <name> [<arguments>|with]
[10:47:54] [Server thread/INFO]: /gamemode <gamemode> [<target>]
[10:47:54] [Server thread/INFO]: /gamerule (announceAdvancements|blockExplosionDropDecay|commandBlockOutput|commandModificationBlockLimit|disableElytraMovementCheck|disableRaids|doDaylightCycle|doEntityDrops|doFireTick|doImmediateRespawn|doInsomnia|doLimitedCrafting|doMobLoot|doMobSpawning|doPatrolSpawning|doTileDrops|doTraderSpawning|doVinesSpread|doWardenSpawning|doWeatherCycle|drowningDamage|enderPearlsVanishOnDeath|fallDamage|fireDamage|forgiveDeadPlayers|freezeDamage|globalSoundEvents|keepInventory|lavaSourceConversion|logAdminCommands|maxCommandChainLength|maxCommandForkCount|maxEntityCramming|mobExplosionDropDecay|mobGriefing|naturalRegeneration|playersNetherPortalCreativeDelay|playersNetherPortalDefaultDelay|playersSleepingPercentage|projectilesCanBreakBlocks|randomTickSpeed|reducedDebugInfo|sendCommandFeedback|showDeathMessages|snowAccumulationHeight|spawnChunkRadius|spawnRadius|spectatorsGenerateChunks|tntExplosionDropDecay|universalAnger|waterSourceConversion)
[10:47:54] [Server thread/INFO]: /give <targets> <item> [<count>]
[10:47:54] [Server thread/INFO]: /help [<command>]
[10:47:54] [Server thread/INFO]: /item (replace|modify)
[10:47:54] [Server thread/INFO]: /kick <targets> [<reason>]
[10:47:54] [Server thread/INFO]: /kill [<targets>]
[10:47:54] [Server thread/INFO]: /list [uuids]
[10:47:54] [Server thread/INFO]: /locate (structure|biome|poi)
[10:47:54] [Server thread/INFO]: /loot (replace|insert|give|spawn)
[10:47:54] [Server thread/INFO]: /msg <targets> <message>
[10:47:54] [Server thread/INFO]: /tell -> msg
[10:47:54] [Server thread/INFO]: /w -> msg
[10:47:54] [Server thread/INFO]: /particle <name> [<pos>]
[10:47:54] [Server thread/INFO]: /place (feature|jigsaw|structure|template)
[10:47:54] [Server thread/INFO]: /playsound <sound> [master|music|record|weather|block|hostile|neutral|player|ambient|voice]
[10:47:54] [Server thread/INFO]: /random (value|roll|reset)
[10:47:54] [Server thread/INFO]: /reload
[10:47:54] [Server thread/INFO]: /recipe (give|take)
[10:47:54] [Server thread/INFO]: /return (<value>|fail|run)
[10:47:54] [Server thread/INFO]: /ride <target> (mount|dismount)
[10:47:54] [Server thread/INFO]: /say <message>
[10:47:54] [Server thread/INFO]: /schedule (function|clear)
[10:47:54] [Server thread/INFO]: /scoreboard (objectives|players)
[10:47:54] [Server thread/INFO]: /seed
[10:47:54] [Server thread/INFO]: /setblock <pos> <block> [destroy|keep|replace]
[10:47:54] [Server thread/INFO]: /spawnpoint [<targets>]
[10:47:54] [Server thread/INFO]: /setworldspawn [<pos>]
[10:47:54] [Server thread/INFO]: /spectate [<target>]
[10:47:54] [Server thread/INFO]: /spreadplayers <center> <spreadDistance> <maxRange> (<respectTeams>|under)
[10:47:54] [Server thread/INFO]: /stopsound <targets> [*|master|music|record|weather|block|hostile|neutral|player|ambient|voice]
[10:47:54] [Server thread/INFO]: /summon <entity> [<pos>]
[10:47:54] [Server thread/INFO]: /tag <targets> (add|remove|list)
[10:47:54] [Server thread/INFO]: /team (list|add|remove|empty|join|leave|modify)
[10:47:54] [Server thread/INFO]: /teammsg <message>
[10:47:54] [Server thread/INFO]: /tm -> teammsg
[10:47:54] [Server thread/INFO]: /teleport (<location>|<destination>|<targets>)
[10:47:54] [Server thread/INFO]: /tp -> teleport
[10:47:54] [Server thread/INFO]: /tellraw <targets> <message>
[10:47:54] [Server thread/INFO]: /tick (query|rate|step|sprint|unfreeze|freeze)
[10:47:54] [Server thread/INFO]: /time (set|add|query)
[10:47:54] [Server thread/INFO]: /title <targets> (clear|reset|title|subtitle|actionbar|times)
[10:47:54] [Server thread/INFO]: /trigger <objective> [add|set]
[10:47:54] [Server thread/INFO]: /weather (clear|rain|thunder)
[10:47:54] [Server thread/INFO]: /worldborder (add|set|center|damage|get|warning)
[10:47:54] [Server thread/INFO]: /jfr (start|stop)
[10:47:54] [Server thread/INFO]: /ban-ip <target> [<reason>]
[10:47:54] [Server thread/INFO]: /banlist [ips|players]
[10:47:54] [Server thread/INFO]: /ban <targets> [<reason>]
[10:47:54] [Server thread/INFO]: /deop <targets>
[10:47:54] [Server thread/INFO]: /op <targets>
[10:47:54] [Server thread/INFO]: /pardon <targets>
[10:47:54] [Server thread/INFO]: /pardon-ip <target>
[10:47:54] [Server thread/INFO]: /perf (start|stop)
[10:47:54] [Server thread/INFO]: /save-all [flush]
[10:47:54] [Server thread/INFO]: /save-off
[10:47:54] [Server thread/INFO]: /save-on
[10:47:54] [Server thread/INFO]: /setidletimeout <minutes>
[10:47:54] [Server thread/INFO]: /stop
[10:47:54] [Server thread/INFO]: /transfer <hostname> [<port>]
[10:47:54] [Server thread/INFO]: /whitelist (on|off|list|add|remove|reload)
[10:48:05] [Server thread/INFO]: Unknown game mode: olix
[10:48:05] [Server thread/INFO]: ...emode olix creative<--[HERE]
[10:48:13] [Server thread/INFO]: Set Olix's game mode to Creative Mode
